1	John	john	NNP	_	2	nsubj	2:A0
2	expected	expect	VBD	pb=expect.01	0	root	_
3	Benedict	benedict	NNP	_	5	nsubj	5:A0
4	to	to	TO	_	5	aux	_
5	leave	leave	VB	pb=leave.01	2	ccomp	2:A1
6	.	.	.	_	2	punct	_

1	John	john	NNP	_	2	nsubj	2:A0
2	persuaded	persuade	VBD	pb=persuade.01	0	root	_
3	Benedict	benedict	NNP	_	2	dobj	2:A1;5:A0
4	to	to	TO	_	5	aux	_
5	leave	leave	VB	pb=leave.01	2	xcomp	2:A2
6	.	.	.	_	2	punct	_

1	John	john	NNP	_	2	nsubj	2:A0
2	forced	force	VBD	pb=force.01	0	root	_
3	Benedict	benedict	NNP	_	2	dobj	2:A1;5:A0
4	to	to	TO	_	5	aux	_
5	leave	leave	VB	pb=leave.01	2	xcomp	2:A2
6	.	.	.	_	2	punct	_

1	John	john	NNP	_	2	nsubj	2:A0;5:A0
2	promised	promise	VBD	pb=promise.01	0	root	_
3	Benedict	benedict	NNP	_	2	dobj	2:A1;5:A0
4	to	to	TO	_	5	aux	_
5	leave	leave	VB	pb=leave.01	2	xcomp	2:A2
6	.	.	.	_	2	punct	_

1	John	john	NNP	_	2	nsubj	2:A0;5:A0
2	promised	promise	VBD	pb=promise.01	0	root	_
3	Benedict	benedict	NNP	_	2	dobj	2:A1;5:A0
4	to	to	TO	_	5	aux	_
5	leave	leave	VB	pb=leave.01	2	xcomp	2:A2
6	.	.	.	_	2	punct	_

1	John	john	NNP	_	2	nsubj	2:A0
2	asked	ask	VBD	pb=ask.02	0	root	_
3	Benedict	benedict	NNP	_	2	dobj	2:A2;5:A1
4	to	to	TO	_	5	aux	_
5	stay	stay	VB	pb=stay.01	2	xcomp	2:A1
6	longer	longer	RBR	_	5	advmod	5:AM-TMP
7	in	in	IN	_	5	prep	5:A3
8	the	the	DT	_	10	det	_
9	Vatican	vatican	NNP	_	10	nn	_
10	libraries	library	NNS	_	7	pobj	_
11	.	.	.	_	2	punct	_

